<?xml version="1.0" encoding="UTF-8"?>
<!-- Generated by org.testng.reporters.JUnitReportReporter -->
<testsuite skipped="0" hostname="LAPTOP-USVJM086" name="apachepoi.exceltest" tests="1" failures="0" timestamp="10 Apr 2020 09:55:33 GMT" time="1.328" errors="0">
  <testcase name="login" time="1.328" classname="apachepoi.exceltest"/>
</testsuite> <!-- apachepoi.exceltest -->
