<?xml version="1.0" encoding="UTF-8"?>
<!-- Generated by org.testng.reporters.JUnitReportReporter -->
<testsuite skipped="0" hostname="LAPTOP-USVJM086" name="apachepoi.getallrowexcel" tests="1" failures="0" timestamp="10 Apr 2020 10:38:45 GMT" time="1.469" errors="0">
  <testcase name="login" time="1.469" classname="apachepoi.getallrowexcel"/>
</testsuite> <!-- apachepoi.getallrowexcel -->
